<?xml version="1.0" encoding="UTF-8"?>
<coverage generated="1611198926562" clover="3.2.0">
  <project timestamp="1611198926562" name="All files">
    <metrics statements="43" coveredstatements="31" conditionals="10" coveredconditionals="1" methods="15" coveredmethods="11" elements="68" coveredelements="43" complexity="0" loc="43" ncloc="43" packages="1" files="4" classes="4"/>
    <file name="App.jsx" path="/Users/brandonnguyen/Documents/HackReactorStuff/FEC1/photo_carousel/client/components/App.jsx">
      <metrics statements="19" coveredstatements="8" conditionals="8" coveredconditionals="0" methods="7" coveredmethods="4"/>
      <line num="7" count="1" type="stmt"/>
      <line num="20" count="1" type="stmt"/>
      <line num="22" count="1" type="stmt"/>
      <line num="29" count="1" type="stmt"/>
      <line num="30" count="1" type="stmt"/>
      <line num="34" count="1" type="stmt"/>
      <line num="38" count="1" type="stmt"/>
      <line num="39" count="0" type="stmt"/>
      <line num="43" count="0" type="stmt"/>
      <line num="47" count="0" type="stmt"/>
      <line num="48" count="0" type="cond" truecount="0" falsecount="2"/>
      <line num="49" count="0" type="cond" truecount="0" falsecount="2"/>
      <line num="50" count="0" type="stmt"/>
      <line num="54" count="0" type="stmt"/>
      <line num="58" count="0" type="cond" truecount="0" falsecount="2"/>
      <line num="59" count="0" type="cond" truecount="0" falsecount="2"/>
      <line num="60" count="0" type="stmt"/>
      <line num="64" count="0" type="stmt"/>
      <line num="72" count="1" type="stmt"/>
    </file>
    <file name="Banner.jsx" path="/Users/brandonnguyen/Documents/HackReactorStuff/FEC1/photo_carousel/client/components/Banner.jsx">
      <metrics statements="8" coveredstatements="7" conditionals="0" coveredconditionals="0" methods="3" coveredmethods="2"/>
      <line num="4" count="1" type="stmt"/>
      <line num="12" count="1" type="stmt"/>
      <line num="27" count="1" type="stmt"/>
      <line num="40" count="1" type="stmt"/>
      <line num="61" count="2" type="stmt"/>
      <line num="63" count="2" type="stmt"/>
      <line num="67" count="0" type="stmt"/>
      <line num="71" count="2" type="stmt"/>
    </file>
    <file name="Carousel.jsx" path="/Users/brandonnguyen/Documents/HackReactorStuff/FEC1/photo_carousel/client/components/Carousel.jsx">
      <metrics statements="6" coveredstatements="6" conditionals="0" coveredconditionals="0" methods="3" coveredmethods="3"/>
      <line num="5" count="1" type="stmt"/>
      <line num="18" count="1" type="stmt"/>
      <line num="29" count="2" type="stmt"/>
      <line num="31" count="2" type="stmt"/>
      <line num="35" count="2" type="stmt"/>
      <line num="39" count="1" type="stmt"/>
    </file>
    <file name="CarouselEntry.jsx" path="/Users/brandonnguyen/Documents/HackReactorStuff/FEC1/photo_carousel/client/components/CarouselEntry.jsx">
      <metrics statements="10" coveredstatements="10" conditionals="2" coveredconditionals="1" methods="2" coveredmethods="2"/>
      <line num="4" count="1" type="stmt"/>
      <line num="15" count="1" type="stmt"/>
      <line num="19" count="1" type="stmt"/>
      <line num="23" count="1" type="stmt"/>
      <line num="31" count="1" type="stmt"/>
      <line num="39" count="1" type="stmt"/>
      <line num="58" count="1" type="stmt"/>
      <line num="68" count="1" type="stmt"/>
      <line num="74" count="1" type="stmt"/>
      <line num="75" count="1" type="stmt"/>
    </file>
  </project>
</coverage>
