{"/Users/brandonnguyen/Documents/HackReactorStuff/FEC1/photo_carousel/client/components/App.jsx": {"path":"/Users/brandonnguyen/Documents/HackReactorStuff/FEC1/photo_carousel/client/components/App.jsx","statementMap":{"0":{"start":{"line":7,"column":16},"end":{"line":17,"column":1}},"1":{"start":{"line":21,"column":4},"end":{"line":21,"column":17}},"2":{"start":{"line":23,"column":19},"end":{"line":23,"column":24}},"3":{"start":{"line":25,"column":4},"end":{"line":30,"column":6}},"4":{"start":{"line":32,"column":4},"end":{"line":32,"column":43}},"5":{"start":{"line":33,"column":4},"end":{"line":33,"column":49}},"6":{"start":{"line":34,"column":4},"end":{"line":34,"column":55}},"7":{"start":{"line":38,"column":4},"end":{"line":38,"column":19}},"8":{"start":{"line":42,"column":23},"end":{"line":42,"column":33}},"9":{"start":{"line":43,"column":4},"end":{"line":48,"column":42}},"10":{"start":{"line":44,"column":26},"end":{"line":47,"column":8}},"11":{"start":{"line":48,"column":26},"end":{"line":48,"column":38}},"12":{"start":{"line":52,"column":30},"end":{"line":52,"column":40}},"13":{"start":{"line":53,"column":20},"end":{"line":53,"column":49}},"14":{"start":{"line":54,"column":4},"end":{"line":74,"column":5}},"15":{"start":{"line":55,"column":6},"end":{"line":63,"column":7}},"16":{"start":{"line":56,"column":8},"end":{"line":58,"column":11}},"17":{"start":{"line":60,"column":8},"end":{"line":62,"column":11}},"18":{"start":{"line":64,"column":11},"end":{"line":74,"column":5}},"19":{"start":{"line":65,"column":6},"end":{"line":73,"column":7}},"20":{"start":{"line":66,"column":8},"end":{"line":68,"column":11}},"21":{"start":{"line":70,"column":8},"end":{"line":72,"column":11}},"22":{"start":{"line":78,"column":4},"end":{"line":80,"column":38}},"23":{"start":{"line":80,"column":24},"end":{"line":80,"column":34}},"24":{"start":{"line":84,"column":30},"end":{"line":84,"column":40}},"25":{"start":{"line":85,"column":4},"end":{"line":98,"column":6}}},"fnMap":{"0":{"name":"(anonymous_0)","decl":{"start":{"line":20,"column":2},"end":{"line":20,"column":3}},"loc":{"start":{"line":20,"column":21},"end":{"line":35,"column":3}},"line":20},"1":{"name":"(anonymous_1)","decl":{"start":{"line":37,"column":2},"end":{"line":37,"column":3}},"loc":{"start":{"line":37,"column":22},"end":{"line":39,"column":3}},"line":37},"2":{"name":"(anonymous_2)","decl":{"start":{"line":41,"column":2},"end":{"line":41,"column":3}},"loc":{"start":{"line":41,"column":12},"end":{"line":49,"column":3}},"line":41},"3":{"name":"(anonymous_3)","decl":{"start":{"line":44,"column":12},"end":{"line":44,"column":13}},"loc":{"start":{"line":44,"column":26},"end":{"line":47,"column":8}},"line":44},"4":{"name":"(anonymous_4)","decl":{"start":{"line":48,"column":13},"end":{"line":48,"column":14}},"loc":{"start":{"line":48,"column":24},"end":{"line":48,"column":40}},"line":48},"5":{"name":"(anonymous_5)","decl":{"start":{"line":51,"column":2},"end":{"line":51,"column":3}},"loc":{"start":{"line":51,"column":24},"end":{"line":75,"column":3}},"line":51},"6":{"name":"(anonymous_6)","decl":{"start":{"line":77,"column":2},"end":{"line":77,"column":3}},"loc":{"start":{"line":77,"column":20},"end":{"line":81,"column":3}},"line":77},"7":{"name":"(anonymous_7)","decl":{"start":{"line":80,"column":13},"end":{"line":80,"column":14}},"loc":{"start":{"line":80,"column":22},"end":{"line":80,"column":36}},"line":80},"8":{"name":"(anonymous_8)","decl":{"start":{"line":83,"column":2},"end":{"line":83,"column":3}},"loc":{"start":{"line":83,"column":11},"end":{"line":99,"column":3}},"line":83}},"branchMap":{"0":{"loc":{"start":{"line":54,"column":4},"end":{"line":74,"column":5}},"type":"if","locations":[{"start":{"line":54,"column":4},"end":{"line":74,"column":5}},{"start":{"line":54,"column":4},"end":{"line":74,"column":5}}],"line":54},"1":{"loc":{"start":{"line":55,"column":6},"end":{"line":63,"column":7}},"type":"if","locations":[{"start":{"line":55,"column":6},"end":{"line":63,"column":7}},{"start":{"line":55,"column":6},"end":{"line":63,"column":7}}],"line":55},"2":{"loc":{"start":{"line":64,"column":11},"end":{"line":74,"column":5}},"type":"if","locations":[{"start":{"line":64,"column":11},"end":{"line":74,"column":5}},{"start":{"line":64,"column":11},"end":{"line":74,"column":5}}],"line":64},"3":{"loc":{"start":{"line":65,"column":6},"end":{"line":73,"column":7}},"type":"if","locations":[{"start":{"line":65,"column":6},"end":{"line":73,"column":7}},{"start":{"line":65,"column":6},"end":{"line":73,"column":7}}],"line":65}},"s":{"0":1,"1":1,"2":1,"3":1,"4":1,"5":1,"6":1,"7":1,"8":1,"9":1,"10":0,"11":0,"12":0,"13":0,"14":0,"15":0,"16":0,"17":0,"18":0,"19":0,"20":0,"21":0,"22":0,"23":0,"24":1,"25":1},"f":{"0":1,"1":1,"2":1,"3":0,"4":0,"5":0,"6":0,"7":0,"8":1},"b":{"0":[0,0],"1":[0,0],"2":[0,0],"3":[0,0]},"_coverageSchema":"1a1c01bbd47fc00a2c39e90264f33305004495a9","hash":"7a812389c2fd43d427a7d7565a39d8fe178d61ad"}
,"/Users/brandonnguyen/Documents/HackReactorStuff/FEC1/photo_carousel/client/components/Banner.jsx": {"path":"/Users/brandonnguyen/Documents/HackReactorStuff/FEC1/photo_carousel/client/components/Banner.jsx","statementMap":{"0":{"start":{"line":4,"column":16},"end":{"line":10,"column":1}},"1":{"start":{"line":12,"column":19},"end":{"line":24,"column":1}},"2":{"start":{"line":26,"column":22},"end":{"line":37,"column":3}},"3":{"start":{"line":39,"column":25},"end":{"line":57,"column":1}},"4":{"start":{"line":61,"column":4},"end":{"line":61,"column":17}},"5":{"start":{"line":63,"column":4},"end":{"line":63,"column":51}},"6":{"start":{"line":67,"column":26},"end":{"line":67,"column":36}},"7":{"start":{"line":68,"column":4},"end":{"line":68,"column":30}},"8":{"start":{"line":72,"column":30},"end":{"line":72,"column":40}},"9":{"start":{"line":73,"column":4},"end":{"line":84,"column":6}}},"fnMap":{"0":{"name":"(anonymous_0)","decl":{"start":{"line":60,"column":2},"end":{"line":60,"column":3}},"loc":{"start":{"line":60,"column":21},"end":{"line":64,"column":3}},"line":60},"1":{"name":"(anonymous_1)","decl":{"start":{"line":66,"column":2},"end":{"line":66,"column":3}},"loc":{"start":{"line":66,"column":17},"end":{"line":69,"column":3}},"line":66},"2":{"name":"(anonymous_2)","decl":{"start":{"line":71,"column":2},"end":{"line":71,"column":3}},"loc":{"start":{"line":71,"column":11},"end":{"line":85,"column":3}},"line":71}},"branchMap":{},"s":{"0":1,"1":1,"2":1,"3":1,"4":2,"5":2,"6":0,"7":0,"8":2,"9":2},"f":{"0":2,"1":0,"2":2},"b":{},"_coverageSchema":"1a1c01bbd47fc00a2c39e90264f33305004495a9","hash":"6acbd24e3706c686cd3f231d56615fe499b985b0"}
,"/Users/brandonnguyen/Documents/HackReactorStuff/FEC1/photo_carousel/client/components/Carousel.jsx": {"path":"/Users/brandonnguyen/Documents/HackReactorStuff/FEC1/photo_carousel/client/components/Carousel.jsx","statementMap":{"0":{"start":{"line":5,"column":20},"end":{"line":15,"column":1}},"1":{"start":{"line":17,"column":26},"end":{"line":24,"column":1}},"2":{"start":{"line":28,"column":4},"end":{"line":28,"column":17}},"3":{"start":{"line":30,"column":4},"end":{"line":30,"column":20}},"4":{"start":{"line":34,"column":43},"end":{"line":34,"column":53}},"5":{"start":{"line":35,"column":4},"end":{"line":48,"column":6}},"6":{"start":{"line":39,"column":12},"end":{"line":44,"column":14}}},"fnMap":{"0":{"name":"(anonymous_0)","decl":{"start":{"line":27,"column":2},"end":{"line":27,"column":3}},"loc":{"start":{"line":27,"column":21},"end":{"line":31,"column":3}},"line":27},"1":{"name":"(anonymous_1)","decl":{"start":{"line":33,"column":2},"end":{"line":33,"column":3}},"loc":{"start":{"line":33,"column":11},"end":{"line":49,"column":3}},"line":33},"2":{"name":"(anonymous_2)","decl":{"start":{"line":38,"column":23},"end":{"line":38,"column":24}},"loc":{"start":{"line":39,"column":12},"end":{"line":44,"column":14}},"line":39}},"branchMap":{},"s":{"0":1,"1":1,"2":2,"3":2,"4":2,"5":2,"6":1},"f":{"0":2,"1":2,"2":1},"b":{},"_coverageSchema":"1a1c01bbd47fc00a2c39e90264f33305004495a9","hash":"147fc4c1493319c9848bc725013460bf912b36fb"}
,"/Users/brandonnguyen/Documents/HackReactorStuff/FEC1/photo_carousel/client/components/CarouselEntry.jsx": {"path":"/Users/brandonnguyen/Documents/HackReactorStuff/FEC1/photo_carousel/client/components/CarouselEntry.jsx","statementMap":{"0":{"start":{"line":4,"column":22},"end":{"line":8,"column":1}},"1":{"start":{"line":10,"column":20},"end":{"line":12,"column":1}},"2":{"start":{"line":14,"column":14},"end":{"line":27,"column":1}},"3":{"start":{"line":25,"column":38},"end":{"line":25,"column":66}},"4":{"start":{"line":29,"column":18},"end":{"line":31,"column":1}},"5":{"start":{"line":33,"column":21},"end":{"line":39,"column":1}},"6":{"start":{"line":41,"column":12},"end":{"line":47,"column":1}},"7":{"start":{"line":49,"column":20},"end":{"line":66,"column":1}},"8":{"start":{"line":68,"column":16},"end":{"line":75,"column":1}},"9":{"start":{"line":77,"column":20},"end":{"line":81,"column":1}},"10":{"start":{"line":83,"column":22},"end":{"line":87,"column":1}},"11":{"start":{"line":89,"column":18},"end":{"line":96,"column":1}},"12":{"start":{"line":99,"column":4},"end":{"line":99,"column":17}},"13":{"start":{"line":101,"column":24},"end":{"line":101,"column":34}},"14":{"start":{"line":103,"column":4},"end":{"line":105,"column":6}},"15":{"start":{"line":107,"column":4},"end":{"line":107,"column":51}},"16":{"start":{"line":111,"column":22},"end":{"line":111,"column":32}},"17":{"start":{"line":112,"column":4},"end":{"line":114,"column":7}},"18":{"start":{"line":118,"column":33},"end":{"line":118,"column":43}},"19":{"start":{"line":128,"column":8},"end":{"line":128,"column":13}},"20":{"start":{"line":129,"column":22},"end":{"line":129,"column":32}},"21":{"start":{"line":130,"column":4},"end":{"line":174,"column":6}}},"fnMap":{"0":{"name":"(anonymous_0)","decl":{"start":{"line":25,"column":27},"end":{"line":25,"column":28}},"loc":{"start":{"line":25,"column":38},"end":{"line":25,"column":66}},"line":25},"1":{"name":"(anonymous_1)","decl":{"start":{"line":98,"column":2},"end":{"line":98,"column":3}},"loc":{"start":{"line":98,"column":21},"end":{"line":108,"column":3}},"line":98},"2":{"name":"(anonymous_2)","decl":{"start":{"line":110,"column":2},"end":{"line":110,"column":3}},"loc":{"start":{"line":110,"column":17},"end":{"line":115,"column":3}},"line":110},"3":{"name":"(anonymous_3)","decl":{"start":{"line":117,"column":2},"end":{"line":117,"column":3}},"loc":{"start":{"line":117,"column":11},"end":{"line":175,"column":3}},"line":117}},"branchMap":{"0":{"loc":{"start":{"line":132,"column":9},"end":{"line":132,"column":65}},"type":"cond-expr","locations":[{"start":{"line":132,"column":23},"end":{"line":132,"column":60}},{"start":{"line":132,"column":63},"end":{"line":132,"column":65}}],"line":132},"1":{"loc":{"start":{"line":134,"column":11},"end":{"line":144,"column":13}},"type":"cond-expr","locations":[{"start":{"line":136,"column":14},"end":{"line":138,"column":28}},{"start":{"line":141,"column":14},"end":{"line":143,"column":30}}],"line":134}},"s":{"0":1,"1":1,"2":1,"3":1,"4":1,"5":1,"6":1,"7":1,"8":1,"9":1,"10":1,"11":1,"12":1,"13":1,"14":1,"15":1,"16":0,"17":0,"18":1,"19":1,"20":1,"21":1},"f":{"0":1,"1":1,"2":0,"3":1},"b":{"0":[0,1],"1":[0,1]},"_coverageSchema":"1a1c01bbd47fc00a2c39e90264f33305004495a9","hash":"82b751b5b27b051b43e73f47785ffaaa9d327f4f"}
}
