{"/Users/brandonnguyen/Documents/HackReactorStuff/FEC1/photo_carousel/client/components/App.jsx": {"path":"/Users/brandonnguyen/Documents/HackReactorStuff/FEC1/photo_carousel/client/components/App.jsx","statementMap":{"0":{"start":{"line":7,"column":16},"end":{"line":16,"column":1}},"1":{"start":{"line":20,"column":4},"end":{"line":20,"column":17}},"2":{"start":{"line":22,"column":4},"end":{"line":27,"column":6}},"3":{"start":{"line":29,"column":4},"end":{"line":29,"column":43}},"4":{"start":{"line":30,"column":4},"end":{"line":30,"column":49}},"5":{"start":{"line":34,"column":4},"end":{"line":34,"column":19}},"6":{"start":{"line":38,"column":4},"end":{"line":43,"column":42}},"7":{"start":{"line":39,"column":26},"end":{"line":42,"column":8}},"8":{"start":{"line":43,"column":26},"end":{"line":43,"column":38}},"9":{"start":{"line":47,"column":20},"end":{"line":47,"column":60}},"10":{"start":{"line":48,"column":4},"end":{"line":68,"column":5}},"11":{"start":{"line":49,"column":6},"end":{"line":57,"column":7}},"12":{"start":{"line":50,"column":8},"end":{"line":52,"column":11}},"13":{"start":{"line":54,"column":8},"end":{"line":56,"column":11}},"14":{"start":{"line":58,"column":11},"end":{"line":68,"column":5}},"15":{"start":{"line":59,"column":6},"end":{"line":67,"column":7}},"16":{"start":{"line":60,"column":8},"end":{"line":62,"column":11}},"17":{"start":{"line":64,"column":8},"end":{"line":66,"column":11}},"18":{"start":{"line":72,"column":4},"end":{"line":84,"column":6}}},"fnMap":{"0":{"name":"(anonymous_0)","decl":{"start":{"line":19,"column":2},"end":{"line":19,"column":3}},"loc":{"start":{"line":19,"column":21},"end":{"line":31,"column":3}},"line":19},"1":{"name":"(anonymous_1)","decl":{"start":{"line":33,"column":2},"end":{"line":33,"column":3}},"loc":{"start":{"line":33,"column":22},"end":{"line":35,"column":3}},"line":33},"2":{"name":"(anonymous_2)","decl":{"start":{"line":37,"column":2},"end":{"line":37,"column":3}},"loc":{"start":{"line":37,"column":12},"end":{"line":44,"column":3}},"line":37},"3":{"name":"(anonymous_3)","decl":{"start":{"line":39,"column":12},"end":{"line":39,"column":13}},"loc":{"start":{"line":39,"column":26},"end":{"line":42,"column":8}},"line":39},"4":{"name":"(anonymous_4)","decl":{"start":{"line":43,"column":13},"end":{"line":43,"column":14}},"loc":{"start":{"line":43,"column":24},"end":{"line":43,"column":40}},"line":43},"5":{"name":"(anonymous_5)","decl":{"start":{"line":46,"column":2},"end":{"line":46,"column":3}},"loc":{"start":{"line":46,"column":24},"end":{"line":69,"column":3}},"line":46},"6":{"name":"(anonymous_6)","decl":{"start":{"line":71,"column":2},"end":{"line":71,"column":3}},"loc":{"start":{"line":71,"column":11},"end":{"line":85,"column":3}},"line":71}},"branchMap":{"0":{"loc":{"start":{"line":48,"column":4},"end":{"line":68,"column":5}},"type":"if","locations":[{"start":{"line":48,"column":4},"end":{"line":68,"column":5}},{"start":{"line":48,"column":4},"end":{"line":68,"column":5}}],"line":48},"1":{"loc":{"start":{"line":49,"column":6},"end":{"line":57,"column":7}},"type":"if","locations":[{"start":{"line":49,"column":6},"end":{"line":57,"column":7}},{"start":{"line":49,"column":6},"end":{"line":57,"column":7}}],"line":49},"2":{"loc":{"start":{"line":58,"column":11},"end":{"line":68,"column":5}},"type":"if","locations":[{"start":{"line":58,"column":11},"end":{"line":68,"column":5}},{"start":{"line":58,"column":11},"end":{"line":68,"column":5}}],"line":58},"3":{"loc":{"start":{"line":59,"column":6},"end":{"line":67,"column":7}},"type":"if","locations":[{"start":{"line":59,"column":6},"end":{"line":67,"column":7}},{"start":{"line":59,"column":6},"end":{"line":67,"column":7}}],"line":59}},"s":{"0":1,"1":1,"2":1,"3":1,"4":1,"5":1,"6":1,"7":0,"8":0,"9":0,"10":0,"11":0,"12":0,"13":0,"14":0,"15":0,"16":0,"17":0,"18":1},"f":{"0":1,"1":1,"2":1,"3":0,"4":0,"5":0,"6":1},"b":{"0":[0,0],"1":[0,0],"2":[0,0],"3":[0,0]},"_coverageSchema":"1a1c01bbd47fc00a2c39e90264f33305004495a9","hash":"f3b810daed596a8b8027fba0cdc7fefced30a6ea"}
,"/Users/brandonnguyen/Documents/HackReactorStuff/FEC1/photo_carousel/client/components/Banner.jsx": {"path":"/Users/brandonnguyen/Documents/HackReactorStuff/FEC1/photo_carousel/client/components/Banner.jsx","statementMap":{"0":{"start":{"line":4,"column":16},"end":{"line":10,"column":1}},"1":{"start":{"line":12,"column":19},"end":{"line":25,"column":1}},"2":{"start":{"line":27,"column":22},"end":{"line":38,"column":1}},"3":{"start":{"line":40,"column":25},"end":{"line":57,"column":1}},"4":{"start":{"line":61,"column":4},"end":{"line":61,"column":17}},"5":{"start":{"line":63,"column":4},"end":{"line":63,"column":51}},"6":{"start":{"line":67,"column":4},"end":{"line":67,"column":41}},"7":{"start":{"line":71,"column":4},"end":{"line":79,"column":6}}},"fnMap":{"0":{"name":"(anonymous_0)","decl":{"start":{"line":60,"column":2},"end":{"line":60,"column":3}},"loc":{"start":{"line":60,"column":21},"end":{"line":64,"column":3}},"line":60},"1":{"name":"(anonymous_1)","decl":{"start":{"line":66,"column":2},"end":{"line":66,"column":3}},"loc":{"start":{"line":66,"column":17},"end":{"line":68,"column":3}},"line":66},"2":{"name":"(anonymous_2)","decl":{"start":{"line":70,"column":2},"end":{"line":70,"column":3}},"loc":{"start":{"line":70,"column":11},"end":{"line":80,"column":3}},"line":70}},"branchMap":{},"s":{"0":1,"1":1,"2":1,"3":1,"4":2,"5":2,"6":0,"7":2},"f":{"0":2,"1":0,"2":2},"b":{},"_coverageSchema":"1a1c01bbd47fc00a2c39e90264f33305004495a9","hash":"af6bc6b373b8de1ea0aa9972e0c5270072f7a6d0"}
,"/Users/brandonnguyen/Documents/HackReactorStuff/FEC1/photo_carousel/client/components/Carousel.jsx": {"path":"/Users/brandonnguyen/Documents/HackReactorStuff/FEC1/photo_carousel/client/components/Carousel.jsx","statementMap":{"0":{"start":{"line":5,"column":20},"end":{"line":16,"column":1}},"1":{"start":{"line":18,"column":26},"end":{"line":25,"column":1}},"2":{"start":{"line":29,"column":4},"end":{"line":29,"column":17}},"3":{"start":{"line":31,"column":4},"end":{"line":31,"column":20}},"4":{"start":{"line":35,"column":4},"end":{"line":43,"column":6}},"5":{"start":{"line":39,"column":12},"end":{"line":39,"column":95}}},"fnMap":{"0":{"name":"(anonymous_0)","decl":{"start":{"line":28,"column":2},"end":{"line":28,"column":3}},"loc":{"start":{"line":28,"column":21},"end":{"line":32,"column":3}},"line":28},"1":{"name":"(anonymous_1)","decl":{"start":{"line":34,"column":2},"end":{"line":34,"column":3}},"loc":{"start":{"line":34,"column":11},"end":{"line":44,"column":3}},"line":34},"2":{"name":"(anonymous_2)","decl":{"start":{"line":38,"column":34},"end":{"line":38,"column":35}},"loc":{"start":{"line":38,"column":45},"end":{"line":40,"column":11}},"line":38}},"branchMap":{},"s":{"0":1,"1":1,"2":2,"3":2,"4":2,"5":1},"f":{"0":2,"1":2,"2":1},"b":{},"_coverageSchema":"1a1c01bbd47fc00a2c39e90264f33305004495a9","hash":"f481098b9737eb9f26b4a84eb0b8fe555bf7b011"}
,"/Users/brandonnguyen/Documents/HackReactorStuff/FEC1/photo_carousel/client/components/CarouselEntry.jsx": {"path":"/Users/brandonnguyen/Documents/HackReactorStuff/FEC1/photo_carousel/client/components/CarouselEntry.jsx","statementMap":{"0":{"start":{"line":4,"column":14},"end":{"line":17,"column":1}},"1":{"start":{"line":15,"column":38},"end":{"line":15,"column":66}},"2":{"start":{"line":19,"column":18},"end":{"line":21,"column":1}},"3":{"start":{"line":23,"column":21},"end":{"line":29,"column":1}},"4":{"start":{"line":31,"column":12},"end":{"line":37,"column":1}},"5":{"start":{"line":39,"column":20},"end":{"line":56,"column":1}},"6":{"start":{"line":58,"column":16},"end":{"line":66,"column":1}},"7":{"start":{"line":68,"column":18},"end":{"line":72,"column":1}},"8":{"start":{"line":74,"column":22},"end":{"line":98,"column":1}},"9":{"start":{"line":75,"column":2},"end":{"line":97,"column":4}}},"fnMap":{"0":{"name":"(anonymous_0)","decl":{"start":{"line":15,"column":27},"end":{"line":15,"column":28}},"loc":{"start":{"line":15,"column":38},"end":{"line":15,"column":66}},"line":15},"1":{"name":"(anonymous_1)","decl":{"start":{"line":74,"column":22},"end":{"line":74,"column":23}},"loc":{"start":{"line":74,"column":33},"end":{"line":98,"column":1}},"line":74}},"branchMap":{"0":{"loc":{"start":{"line":77,"column":9},"end":{"line":77,"column":77}},"type":"cond-expr","locations":[{"start":{"line":77,"column":35},"end":{"line":77,"column":72}},{"start":{"line":77,"column":75},"end":{"line":77,"column":77}}],"line":77}},"s":{"0":1,"1":1,"2":1,"3":1,"4":1,"5":1,"6":1,"7":1,"8":1,"9":1},"f":{"0":1,"1":1},"b":{"0":[0,1]},"_coverageSchema":"1a1c01bbd47fc00a2c39e90264f33305004495a9","hash":"a8a0159bfc3833268160d8b05faacdd6646f61f9"}
}
