TN:
SF:client/components/App.jsx
FN:19,(anonymous_0)
FN:33,(anonymous_1)
FN:37,(anonymous_2)
FN:39,(anonymous_3)
FN:43,(anonymous_4)
FN:46,(anonymous_5)
FN:71,(anonymous_6)
FNF:7
FNH:4
FNDA:1,(anonymous_0)
FNDA:1,(anonymous_1)
FNDA:1,(anonymous_2)
FNDA:0,(anonymous_3)
FNDA:0,(anonymous_4)
FNDA:0,(anonymous_5)
FNDA:1,(anonymous_6)
DA:7,1
DA:20,1
DA:22,1
DA:29,1
DA:30,1
DA:34,1
DA:38,1
DA:39,0
DA:43,0
DA:47,0
DA:48,0
DA:49,0
DA:50,0
DA:54,0
DA:58,0
DA:59,0
DA:60,0
DA:64,0
DA:72,1
LF:19
LH:8
BRDA:48,0,0,0
BRDA:48,0,1,0
BRDA:49,1,0,0
BRDA:49,1,1,0
BRDA:58,2,0,0
BRDA:58,2,1,0
BRDA:59,3,0,0
BRDA:59,3,1,0
BRF:8
BRH:0
end_of_record
TN:
SF:client/components/Banner.jsx
FN:60,(anonymous_0)
FN:66,(anonymous_1)
FN:70,(anonymous_2)
FNF:3
FNH:2
FNDA:2,(anonymous_0)
FNDA:0,(anonymous_1)
FNDA:2,(anonymous_2)
DA:4,1
DA:12,1
DA:27,1
DA:40,1
DA:61,2
DA:63,2
DA:67,0
DA:71,2
LF:8
LH:7
BRF:0
BRH:0
end_of_record
TN:
SF:client/components/Carousel.jsx
FN:28,(anonymous_0)
FN:34,(anonymous_1)
FN:38,(anonymous_2)
FNF:3
FNH:3
FNDA:2,(anonymous_0)
FNDA:2,(anonymous_1)
FNDA:1,(anonymous_2)
DA:5,1
DA:18,1
DA:29,2
DA:31,2
DA:35,2
DA:39,1
LF:6
LH:6
BRF:0
BRH:0
end_of_record
TN:
SF:client/components/CarouselEntry.jsx
FN:15,(anonymous_0)
FN:74,(anonymous_1)
FNF:2
FNH:2
FNDA:1,(anonymous_0)
FNDA:1,(anonymous_1)
DA:4,1
DA:15,1
DA:19,1
DA:23,1
DA:31,1
DA:39,1
DA:58,1
DA:68,1
DA:74,1
DA:75,1
LF:10
LH:10
BRDA:77,0,0,0
BRDA:77,0,1,1
BRF:2
BRH:1
end_of_record
