TN:
SF:client/components/App.jsx
FN:29,(anonymous_0)
FN:49,(anonymous_1)
FN:53,(anonymous_2)
FN:57,(anonymous_3)
FN:61,(anonymous_4)
FN:64,(anonymous_5)
FN:68,(anonymous_6)
FN:71,(anonymous_7)
FN:98,(anonymous_8)
FN:102,(anonymous_9)
FN:105,(anonymous_10)
FNF:11
FNH:4
FNDA:1,(anonymous_0)
FNDA:1,(anonymous_1)
FNDA:0,(anonymous_2)
FNDA:0,(anonymous_3)
FNDA:1,(anonymous_4)
FNDA:0,(anonymous_5)
FNDA:0,(anonymous_6)
FNDA:0,(anonymous_7)
FNDA:0,(anonymous_8)
FNDA:0,(anonymous_9)
FNDA:1,(anonymous_10)
DA:8,1
DA:13,1
DA:30,1
DA:32,1
DA:34,1
DA:42,1
DA:43,1
DA:44,1
DA:45,1
DA:46,1
DA:50,1
DA:54,0
DA:58,0
DA:62,1
DA:63,1
DA:64,0
DA:68,0
DA:72,0
DA:73,0
DA:74,0
DA:75,0
DA:76,0
DA:80,0
DA:84,0
DA:85,0
DA:86,0
DA:90,0
DA:99,0
DA:100,0
DA:102,0
DA:106,1
DA:107,1
LF:32
LH:15
BRDA:74,0,0,0
BRDA:74,0,1,0
BRDA:75,1,0,0
BRDA:75,1,1,0
BRDA:84,2,0,0
BRDA:84,2,1,0
BRDA:85,3,0,0
BRDA:85,3,1,0
BRDA:125,4,0,0
BRDA:125,4,1,1
BRF:10
BRH:1
end_of_record
TN:
SF:client/components/Banner.jsx
FN:59,(anonymous_0)
FN:65,(anonymous_1)
FN:70,(anonymous_2)
FN:75,(anonymous_3)
FN:78,(anonymous_4)
FNF:5
FNH:2
FNDA:2,(anonymous_0)
FNDA:0,(anonymous_1)
FNDA:2,(anonymous_2)
FNDA:0,(anonymous_3)
FNDA:0,(anonymous_4)
DA:4,1
DA:12,1
DA:26,1
DA:38,1
DA:60,2
DA:62,2
DA:66,0
DA:67,0
DA:71,2
DA:72,2
DA:75,0
DA:78,0
LF:12
LH:8
BRF:0
BRH:0
end_of_record
TN:
SF:client/components/Carousel.jsx
FN:27,(anonymous_0)
FN:33,(anonymous_1)
FN:38,(anonymous_2)
FNF:3
FNH:3
FNDA:2,(anonymous_0)
FNDA:2,(anonymous_1)
FNDA:1,(anonymous_2)
DA:5,1
DA:17,1
DA:28,2
DA:30,2
DA:34,2
DA:35,2
DA:39,1
LF:7
LH:7
BRF:0
BRH:0
end_of_record
TN:
SF:client/components/CarouselEntry.jsx
FN:26,(anonymous_0)
FN:95,(anonymous_1)
FN:115,(anonymous_2)
FN:127,(anonymous_3)
FN:134,(anonymous_4)
FN:152,(anonymous_5)
FNF:6
FNH:4
FNDA:1,(anonymous_0)
FNDA:1,(anonymous_1)
FNDA:1,(anonymous_2)
FNDA:0,(anonymous_3)
FNDA:1,(anonymous_4)
FNDA:0,(anonymous_5)
DA:5,1
DA:11,1
DA:15,1
DA:26,1
DA:30,1
DA:38,1
DA:46,1
DA:69,1
DA:80,1
DA:93,1
DA:95,1
DA:103,1
DA:116,1
DA:120,1
DA:124,1
DA:128,0
DA:129,0
DA:135,1
DA:145,1
DA:146,1
DA:147,1
DA:152,0
LF:22
LH:19
BRDA:95,0,0,0
BRDA:95,0,1,1
BRDA:149,1,0,0
BRDA:149,1,1,1
BRF:4
BRH:2
end_of_record
TN:
SF:client/components/StayModal.jsx
FN:94,(anonymous_0)
FN:149,(anonymous_1)
FN:163,(anonymous_2)
FN:167,(anonymous_3)
FN:171,(anonymous_4)
FN:177,(anonymous_5)
FN:185,(anonymous_6)
FN:186,(anonymous_7)
FNF:8
FNH:0
FNDA:0,(anonymous_0)
FNDA:0,(anonymous_1)
FNDA:0,(anonymous_2)
FNDA:0,(anonymous_3)
FNDA:0,(anonymous_4)
FNDA:0,(anonymous_5)
FNDA:0,(anonymous_6)
FNDA:0,(anonymous_7)
DA:5,1
DA:7,1
DA:20,1
DA:37,1
DA:47,1
DA:60,1
DA:73,1
DA:79,1
DA:92,1
DA:94,0
DA:106,1
DA:117,1
DA:124,1
DA:135,1
DA:150,0
DA:152,0
DA:153,0
DA:159,0
DA:160,0
DA:164,0
DA:168,0
DA:172,0
DA:178,0
DA:179,0
DA:185,0
DA:186,0
LF:26
LH:13
BRDA:94,0,0,0
BRDA:94,0,1,0
BRF:2
BRH:0
end_of_record
